# JRE version: OpenJDK Runtime Environment Corretto-16.0.2.7.1 (16.0.2+7) (build 16.0.2+7)
# Java VM: OpenJDK 64-Bit Server VM Corretto-16.0.2.7.1 (16.0.2+7, mixed mode, sharing, tiered, compressed oops, compressed class ptrs, g1 gc, windows-amd64)
GC Precious Log:
 CPUs: 4 total, 4 available
 Memory: 6058M
 Large Page Support: Disabled
 NUMA Support: Disabled
 Compressed Oops: Enabled (32-bit)
 Heap Region Size: 1M
 Heap Min Capacity: 256M
 Heap Initial Capacity: 256M
 Heap Max Capacity: 512M
 Pre-touch: Disabled
 Parallel Workers: 4
 Concurrent Workers: 1
 Concurrent Refinement Workers: 4
 Periodic GC: Disabled
Heap:
 garbage-first heap   total 262144K, used 98213K [0x00000000e0000000, 0x0000000100000000)
  region size 1024K, 70 young (71680K), 10 survivors (10240K)
 Metaspace       used 55449K, committed 56000K, reserved 262144K
  class space    used 7551K, committed 7808K, reserved 212992K
GC Heap History (12 events):
Event: 1.636 GC heap before
{Heap before GC invocations=0 (full 0):
 garbage-first heap   total 262144K, used 15360K [0x00000000e0000000, 0x0000000100000000)
  region size 1024K, 13 young (13312K), 0 survivors (0K)
 Metaspace       used 1089K, committed 1216K, reserved 221184K
  class space    used 74K, committed 128K, reserved 212992K
}
Event: 1.674 GC heap after
{Heap after GC invocations=1 (full 0):
 garbage-first heap   total 262144K, used 3516K [0x00000000e0000000, 0x0000000100000000)
  region size 1024K, 2 young (2048K), 2 survivors (2048K)
 Metaspace       used 1089K, committed 1216K, reserved 221184K
  class space    used 74K, committed 128K, reserved 212992K
}
Event: 2.311 GC heap before
{Heap before GC invocations=1 (full 0):
 garbage-first heap   total 262144K, used 21948K [0x00000000e0000000, 0x0000000100000000)
  region size 1024K, 18 young (18432K), 2 survivors (2048K)
 Metaspace       used 4018K, committed 4224K, reserved 221184K
  class space    used 474K, committed 576K, reserved 212992K
}
Event: 2.314 GC heap after
{Heap after GC invocations=2 (full 0):
 garbage-first heap   total 262144K, used 9575K [0x00000000e0000000, 0x0000000100000000)
  region size 1024K, 3 young (3072K), 3 survivors (3072K)
 Metaspace       used 4018K, committed 4224K, reserved 221184K
  class space    used 474K, committed 576K, reserved 212992K
}
Event: 2.850 GC heap before
{Heap before GC invocations=2 (full 0):
 garbage-first heap   total 262144K, used 31079K [0x00000000e0000000, 0x0000000100000000)
  region size 1024K, 24 young (24576K), 3 survivors (3072K)
 Metaspace       used 4241K, committed 4416K, reserved 221184K
  class space    used 487K, committed 576K, reserved 212992K
}
Event: 2.853 GC heap after
{Heap after GC invocations=3 (full 0):
 garbage-first heap   total 262144K, used 10292K [0x00000000e0000000, 0x0000000100000000)
  region size 1024K, 1 young (1024K), 1 survivors (1024K)
 Metaspace       used 4241K, committed 4416K, reserved 221184K
  class space    used 487K, committed 576K, reserved 212992K
}
Event: 6.649 GC heap before
{Heap before GC invocations=3 (full 0):
 garbage-first heap   total 262144K, used 117812K [0x00000000e0000000, 0x0000000100000000)
  region size 1024K, 107 young (109568K), 1 survivors (1024K)
 Metaspace       used 20959K, committed 21248K, reserved 237568K
  class space    used 3024K, committed 3200K, reserved 212992K
}
Event: 6.667 GC heap after
{Heap after GC invocations=4 (full 0):
 garbage-first heap   total 262144K, used 20374K [0x00000000e0000000, 0x0000000100000000)
  region size 1024K, 11 young (11264K), 11 survivors (11264K)
 Metaspace       used 20959K, committed 21248K, reserved 237568K
  class space    used 3024K, committed 3200K, reserved 212992K
}
Event: 11.794 GC heap before
{Heap before GC invocations=5 (full 0):
 garbage-first heap   total 262144K, used 127894K [0x00000000e0000000, 0x0000000100000000)
  region size 1024K, 114 young (116736K), 11 survivors (11264K)
 Metaspace       used 35370K, committed 35776K, reserved 245760K
  class space    used 4787K, committed 4992K, reserved 212992K
}
Event: 11.822 GC heap after
{Heap after GC invocations=6 (full 0):
 garbage-first heap   total 262144K, used 30423K [0x00000000e0000000, 0x0000000100000000)
  region size 1024K, 11 young (11264K), 11 survivors (11264K)
 Metaspace       used 35370K, committed 35776K, reserved 245760K
  class space    used 4787K, committed 4992K, reserved 212992K
}
Event: 16.385 GC heap before
{Heap before GC invocations=7 (full 0):
 garbage-first heap   total 262144K, used 139991K [0x00000000e0000000, 0x0000000100000000)
  region size 1024K, 118 young (120832K), 11 survivors (11264K)
 Metaspace       used 46032K, committed 46592K, reserved 253952K
  class space    used 6394K, committed 6656K, reserved 212992K
}
Event: 16.411 GC heap after
{Heap after GC invocations=8 (full 0):
 garbage-first heap   total 262144K, used 38821K [0x00000000e0000000, 0x0000000100000000)
  region size 1024K, 10 young (10240K), 10 survivors (10240K)
 Metaspace       used 46032K, committed 46592K, reserved 253952K
  class space    used 6394K, committed 6656K, reserved 212992K
}

