# JRE version: OpenJDK Runtime Environment Corretto-16.0.2.7.1 (16.0.2+7) (build 16.0.2+7)
# Java VM: OpenJDK 64-Bit Server VM Corretto-16.0.2.7.1 (16.0.2+7, mixed mode, sharing, tiered, compressed oops, compressed class ptrs, g1 gc, windows-amd64)
GC Precious Log:
 CPUs: 4 total, 4 available
 Memory: 6058M
 Large Page Support: Disabled
 NUMA Support: Disabled
 Compressed Oops: Enabled (32-bit)
 Heap Region Size: 1M
 Heap Min Capacity: 256M
 Heap Initial Capacity: 256M
 Heap Max Capacity: 512M
 Pre-touch: Disabled
 Parallel Workers: 4
 Concurrent Workers: 1
 Concurrent Refinement Workers: 4
 Periodic GC: Disabled
Heap:
 garbage-first heap   total 262144K, used 53940K [0x00000000e0000000, 0x0000000100000000)
  region size 1024K, 14 young (14336K), 1 survivors (1024K)
 Metaspace       used 55981K, committed 56512K, reserved 262144K
  class space    used 7572K, committed 7808K, reserved 212992K
GC Heap History (20 events):
Event: 356505.376 GC heap before
{Heap before GC invocations=52 (full 0):
 garbage-first heap   total 262144K, used 197298K [0x00000000e0000000, 0x0000000100000000)
  region size 1024K, 153 young (156672K), 1 survivors (1024K)
 Metaspace       used 55917K, committed 56448K, reserved 262144K
  class space    used 7570K, committed 7808K, reserved 212992K
}
Event: 356505.443 GC heap after
{Heap after GC invocations=53 (full 0):
 garbage-first heap   total 262144K, used 41646K [0x00000000e0000000, 0x0000000100000000)
  region size 1024K, 1 young (1024K), 1 survivors (1024K)
 Metaspace       used 55917K, committed 56448K, reserved 262144K
  class space    used 7570K, committed 7808K, reserved 212992K
}
Event: 364574.597 GC heap before
{Heap before GC invocations=53 (full 0):
 garbage-first heap   total 262144K, used 197294K [0x00000000e0000000, 0x0000000100000000)
  region size 1024K, 153 young (156672K), 1 survivors (1024K)
 Metaspace       used 55917K, committed 56448K, reserved 262144K
  class space    used 7570K, committed 7808K, reserved 212992K
}
Event: 364574.664 GC heap after
{Heap after GC invocations=54 (full 0):
 garbage-first heap   total 262144K, used 41650K [0x00000000e0000000, 0x0000000100000000)
  region size 1024K, 1 young (1024K), 1 survivors (1024K)
 Metaspace       used 55917K, committed 56448K, reserved 262144K
  class space    used 7570K, committed 7808K, reserved 212992K
}
Event: 372352.944 GC heap before
{Heap before GC invocations=54 (full 0):
 garbage-first heap   total 262144K, used 197298K [0x00000000e0000000, 0x0000000100000000)
  region size 1024K, 153 young (156672K), 1 survivors (1024K)
 Metaspace       used 55917K, committed 56448K, reserved 262144K
  class space    used 7570K, committed 7808K, reserved 212992K
}
Event: 372352.997 GC heap after
{Heap after GC invocations=55 (full 0):
 garbage-first heap   total 262144K, used 41648K [0x00000000e0000000, 0x0000000100000000)
  region size 1024K, 1 young (1024K), 1 survivors (1024K)
 Metaspace       used 55917K, committed 56448K, reserved 262144K
  class space    used 7570K, committed 7808K, reserved 212992K
}
Event: 423575.969 GC heap before
{Heap before GC invocations=55 (full 0):
 garbage-first heap   total 262144K, used 197296K [0x00000000e0000000, 0x0000000100000000)
  region size 1024K, 153 young (156672K), 1 survivors (1024K)
 Metaspace       used 55917K, committed 56448K, reserved 262144K
  class space    used 7570K, committed 7808K, reserved 212992K
}
Event: 423576.245 GC heap after
{Heap after GC invocations=56 (full 0):
 garbage-first heap   total 262144K, used 41672K [0x00000000e0000000, 0x0000000100000000)
  region size 1024K, 1 young (1024K), 1 survivors (1024K)
 Metaspace       used 55917K, committed 56448K, reserved 262144K
  class space    used 7570K, committed 7808K, reserved 212992K
}
Event: 423581.017 GC heap before
{Heap before GC invocations=56 (full 0):
 garbage-first heap   total 262144K, used 197320K [0x00000000e0000000, 0x0000000100000000)
  region size 1024K, 153 young (156672K), 1 survivors (1024K)
 Metaspace       used 55917K, committed 56448K, reserved 262144K
  class space    used 7570K, committed 7808K, reserved 212992K
}
Event: 423581.023 GC heap after
{Heap after GC invocations=57 (full 0):
 garbage-first heap   total 262144K, used 41650K [0x00000000e0000000, 0x0000000100000000)
  region size 1024K, 1 young (1024K), 1 survivors (1024K)
 Metaspace       used 55917K, committed 56448K, reserved 262144K
  class space    used 7570K, committed 7808K, reserved 212992K
}
Event: 423584.308 GC heap before
{Heap before GC invocations=57 (full 0):
 garbage-first heap   total 262144K, used 197298K [0x00000000e0000000, 0x0000000100000000)
  region size 1024K, 153 young (156672K), 1 survivors (1024K)
 Metaspace       used 55917K, committed 56448K, reserved 262144K
  class space    used 7570K, committed 7808K, reserved 212992K
}
Event: 423584.312 GC heap after
{Heap after GC invocations=58 (full 0):
 garbage-first heap   total 262144K, used 41650K [0x00000000e0000000, 0x0000000100000000)
  region size 1024K, 1 young (1024K), 1 survivors (1024K)
 Metaspace       used 55917K, committed 56448K, reserved 262144K
  class space    used 7570K, committed 7808K, reserved 212992K
}
Event: 423588.268 GC heap before
{Heap before GC invocations=58 (full 0):
 garbage-first heap   total 262144K, used 197298K [0x00000000e0000000, 0x0000000100000000)
  region size 1024K, 153 young (156672K), 1 survivors (1024K)
 Metaspace       used 55917K, committed 56448K, reserved 262144K
  class space    used 7570K, committed 7808K, reserved 212992K
}
Event: 423588.270 GC heap after
{Heap after GC invocations=59 (full 0):
 garbage-first heap   total 262144K, used 41648K [0x00000000e0000000, 0x0000000100000000)
  region size 1024K, 1 young (1024K), 1 survivors (1024K)
 Metaspace       used 55917K, committed 56448K, reserved 262144K
  class space    used 7570K, committed 7808K, reserved 212992K
}
Event: 423627.469 GC heap before
{Heap before GC invocations=59 (full 0):
 garbage-first heap   total 262144K, used 197296K [0x00000000e0000000, 0x0000000100000000)
  region size 1024K, 153 young (156672K), 1 survivors (1024K)
 Metaspace       used 55917K, committed 56448K, reserved 262144K
  class space    used 7570K, committed 7808K, reserved 212992K
}
Event: 423627.472 GC heap after
{Heap after GC invocations=60 (full 0):
 garbage-first heap   total 262144K, used 41680K [0x00000000e0000000, 0x0000000100000000)
  region size 1024K, 1 young (1024K), 1 survivors (1024K)
 Metaspace       used 55917K, committed 56448K, reserved 262144K
  class space    used 7570K, committed 7808K, reserved 212992K
}
Event: 424013.410 GC heap before
{Heap before GC invocations=60 (full 0):
 garbage-first heap   total 262144K, used 197328K [0x00000000e0000000, 0x0000000100000000)
  region size 1024K, 153 young (156672K), 1 survivors (1024K)
 Metaspace       used 55917K, committed 56448K, reserved 262144K
  class space    used 7570K, committed 7808K, reserved 212992K
}
Event: 424013.418 GC heap after
{Heap after GC invocations=61 (full 0):
 garbage-first heap   total 262144K, used 41650K [0x00000000e0000000, 0x0000000100000000)
  region size 1024K, 1 young (1024K), 1 survivors (1024K)
 Metaspace       used 55917K, committed 56448K, reserved 262144K
  class space    used 7570K, committed 7808K, reserved 212992K
}
Event: 431234.358 GC heap before
{Heap before GC invocations=61 (full 0):
 garbage-first heap   total 262144K, used 197298K [0x00000000e0000000, 0x0000000100000000)
  region size 1024K, 153 young (156672K), 1 survivors (1024K)
 Metaspace       used 55958K, committed 56512K, reserved 262144K
  class space    used 7571K, committed 7808K, reserved 212992K
}
Event: 431234.415 GC heap after
{Heap after GC invocations=62 (full 0):
 garbage-first heap   total 262144K, used 41652K [0x00000000e0000000, 0x0000000100000000)
  region size 1024K, 1 young (1024K), 1 survivors (1024K)
 Metaspace       used 55958K, committed 56512K, reserved 262144K
  class space    used 7571K, committed 7808K, reserved 212992K
}

